[0.009s] Invoking command in '/home/emad/hexapod-ws/build/hexapod': CMAKE_PREFIX_PATH=${CMAKE_PREFIX_PATH}:/opt/ros/jazzy DEBUGINFOD_URLS=https://debuginfod.ubuntu.com /usr/bin/cmake /home/emad/hexapod-ws/src/hexapod -DCMAKE_INSTALL_PREFIX=/home/emad/hexapod-ws/install/hexapod
[0.217s] -- The C compiler identification is GNU 13.3.0
[0.386s] -- The CXX compiler identification is GNU 13.3.0
[0.420s] -- Detecting C compiler ABI info
[0.583s] -- Detecting C compiler ABI info - done
[0.601s] -- Check for working C compiler: /usr/bin/cc - skipped
[0.602s] -- Detecting C compile features
[0.603s] -- Detecting C compile features - done
[0.620s] -- Detecting CXX compiler ABI info
[0.799s] -- Detecting CXX compiler ABI info - done
[0.817s] -- Check for working CXX compiler: /usr/bin/c++ - skipped
[0.817s] -- Detecting CXX compile features
[0.818s] -- Detecting CXX compile features - done
[0.827s] -- Found ament_cmake: 2.5.4 (/opt/ros/jazzy/share/ament_cmake/cmake)
[1.076s] -- Found Python3: /usr/bin/python3 (found version "3.12.3") found components: Interpreter 
[1.249s] -- Found ament_lint_auto: 0.17.3 (/opt/ros/jazzy/share/ament_lint_auto/cmake)
[1.411s] -- Added test 'lint_cmake' to check CMake code style
[1.415s] -- Added test 'xmllint' to check XML markup files
[1.419s] -- Configuring done (1.4s)
[1.424s] -- Generating done (0.0s)
[1.427s] -- Build files have been written to: /home/emad/hexapod-ws/build/hexapod
[1.435s] Invoked command in '/home/emad/hexapod-ws/build/hexapod' returned '0': CMAKE_PREFIX_PATH=${CMAKE_PREFIX_PATH}:/opt/ros/jazzy DEBUGINFOD_URLS=https://debuginfod.ubuntu.com /usr/bin/cmake /home/emad/hexapod-ws/src/hexapod -DCMAKE_INSTALL_PREFIX=/home/emad/hexapod-ws/install/hexapod
[1.437s] Invoking command in '/home/emad/hexapod-ws/build/hexapod': CMAKE_PREFIX_PATH=${CMAKE_PREFIX_PATH}:/opt/ros/jazzy DEBUGINFOD_URLS=https://debuginfod.ubuntu.com /usr/bin/cmake --build /home/emad/hexapod-ws/build/hexapod -- -j8 -l8
[1.506s] Invoked command in '/home/emad/hexapod-ws/build/hexapod' returned '0': CMAKE_PREFIX_PATH=${CMAKE_PREFIX_PATH}:/opt/ros/jazzy DEBUGINFOD_URLS=https://debuginfod.ubuntu.com /usr/bin/cmake --build /home/emad/hexapod-ws/build/hexapod -- -j8 -l8
[1.524s] Invoking command in '/home/emad/hexapod-ws/build/hexapod': CMAKE_PREFIX_PATH=${CMAKE_PREFIX_PATH}:/opt/ros/jazzy DEBUGINFOD_URLS=https://debuginfod.ubuntu.com /usr/bin/cmake --install /home/emad/hexapod-ws/build/hexapod
[1.538s] -- Install configuration: ""
[1.538s] -- Installing: /home/emad/hexapod-ws/install/hexapod/share/ament_index/resource_index/package_run_dependencies/hexapod
[1.538s] -- Installing: /home/emad/hexapod-ws/install/hexapod/share/ament_index/resource_index/parent_prefix_path/hexapod
[1.539s] -- Installing: /home/emad/hexapod-ws/install/hexapod/share/hexapod/environment/ament_prefix_path.sh
[1.539s] -- Installing: /home/emad/hexapod-ws/install/hexapod/share/hexapod/environment/ament_prefix_path.dsv
[1.539s] -- Installing: /home/emad/hexapod-ws/install/hexapod/share/hexapod/environment/path.sh
[1.539s] -- Installing: /home/emad/hexapod-ws/install/hexapod/share/hexapod/environment/path.dsv
[1.540s] -- Installing: /home/emad/hexapod-ws/install/hexapod/share/hexapod/local_setup.bash
[1.540s] -- Installing: /home/emad/hexapod-ws/install/hexapod/share/hexapod/local_setup.sh
[1.540s] -- Installing: /home/emad/hexapod-ws/install/hexapod/share/hexapod/local_setup.zsh
[1.540s] -- Installing: /home/emad/hexapod-ws/install/hexapod/share/hexapod/local_setup.dsv
[1.541s] -- Installing: /home/emad/hexapod-ws/install/hexapod/share/hexapod/package.dsv
[1.541s] -- Installing: /home/emad/hexapod-ws/install/hexapod/share/ament_index/resource_index/packages/hexapod
[1.541s] -- Installing: /home/emad/hexapod-ws/install/hexapod/share/hexapod/cmake/hexapodConfig.cmake
[1.541s] -- Installing: /home/emad/hexapod-ws/install/hexapod/share/hexapod/cmake/hexapodConfig-version.cmake
[1.541s] -- Installing: /home/emad/hexapod-ws/install/hexapod/share/hexapod/package.xml
[1.544s] Invoked command in '/home/emad/hexapod-ws/build/hexapod' returned '0': CMAKE_PREFIX_PATH=${CMAKE_PREFIX_PATH}:/opt/ros/jazzy DEBUGINFOD_URLS=https://debuginfod.ubuntu.com /usr/bin/cmake --install /home/emad/hexapod-ws/build/hexapod
