[0.011s] Invoking command in '/home/emad/hexapod-ws/build/hexapod': CMAKE_PREFIX_PATH=${CMAKE_PREFIX_PATH}:/opt/ros/jazzy DEBUGINFOD_URLS=https://debuginfod.ubuntu.com /usr/bin/cmake --build /home/emad/hexapod-ws/build/hexapod -- -j8 -l8
[0.062s] -- Found ament_cmake: 2.5.4 (/opt/ros/jazzy/share/ament_cmake/cmake)
[0.351s] -- Found ament_lint_auto: 0.17.3 (/opt/ros/jazzy/share/ament_lint_auto/cmake)
[0.480s] -- Added test 'flake8' to check Python code syntax and style conventions
[0.480s] -- Configured 'flake8' exclude dirs and/or files: 
[0.481s] -- Added test 'lint_cmake' to check CMake code style
[0.481s] -- Added test 'pep257' to check Python code against some of the docstring style conventions in PEP 257
[0.483s] -- Added test 'xmllint' to check XML markup files
[0.484s] -- Configuring done (0.4s)
[0.494s] -- Generating done (0.0s)
[0.496s] -- Build files have been written to: /home/emad/hexapod-ws/build/hexapod
[0.534s] Invoked command in '/home/emad/hexapod-ws/build/hexapod' returned '0': CMAKE_PREFIX_PATH=${CMAKE_PREFIX_PATH}:/opt/ros/jazzy DEBUGINFOD_URLS=https://debuginfod.ubuntu.com /usr/bin/cmake --build /home/emad/hexapod-ws/build/hexapod -- -j8 -l8
[0.548s] Invoking command in '/home/emad/hexapod-ws/build/hexapod': CMAKE_PREFIX_PATH=${CMAKE_PREFIX_PATH}:/opt/ros/jazzy DEBUGINFOD_URLS=https://debuginfod.ubuntu.com /usr/bin/cmake --install /home/emad/hexapod-ws/build/hexapod
[0.558s] -- Install configuration: ""
[0.558s] -- Installing: /home/emad/hexapod-ws/install/hexapod/share/hexapod/launch
[0.559s] -- Installing: /home/emad/hexapod-ws/install/hexapod/share/hexapod/launch/model.launch.py
[0.559s] -- Installing: /home/emad/hexapod-ws/install/hexapod/share/hexapod/model
[0.559s] -- Installing: /home/emad/hexapod-ws/install/hexapod/share/hexapod/model/robot.xacro
[0.559s] [31mCMake Error at cmake_install.cmake:46 (file):
[0.559s]   file INSTALL cannot find "/home/emad/hexapod-ws/src/hexapod/parameters": No
[0.559s]   such file or directory.
[0.559s] 
[0.560s] [0m
[0.561s] Invoked command in '/home/emad/hexapod-ws/build/hexapod' returned '1': CMAKE_PREFIX_PATH=${CMAKE_PREFIX_PATH}:/opt/ros/jazzy DEBUGINFOD_URLS=https://debuginfod.ubuntu.com /usr/bin/cmake --install /home/emad/hexapod-ws/build/hexapod
