[0.010s] Invoking command in '/home/emad/hexapod-ws/build/hexapod': CMAKE_PREFIX_PATH=${CMAKE_PREFIX_PATH}:/opt/ros/jazzy DEBUGINFOD_URLS=https://debuginfod.ubuntu.com /usr/bin/cmake --build /home/emad/hexapod-ws/build/hexapod -- -j8 -l8
[0.040s] -- Found ament_cmake: 2.5.4 (/opt/ros/jazzy/share/ament_cmake/cmake)
[0.359s] -- Found ament_lint_auto: 0.17.3 (/opt/ros/jazzy/share/ament_lint_auto/cmake)
[0.455s] -- Added test 'flake8' to check Python code syntax and style conventions
[0.455s] -- Configured 'flake8' exclude dirs and/or files: 
[0.455s] -- Added test 'lint_cmake' to check CMake code style
[0.456s] -- Added test 'pep257' to check Python code against some of the docstring style conventions in PEP 257
[0.457s] -- Added test 'xmllint' to check XML markup files
[0.458s] -- Configuring done (0.4s)
[0.462s] -- Generating done (0.0s)
[0.466s] -- Build files have been written to: /home/emad/hexapod-ws/build/hexapod
[0.503s] Invoked command in '/home/emad/hexapod-ws/build/hexapod' returned '0': CMAKE_PREFIX_PATH=${CMAKE_PREFIX_PATH}:/opt/ros/jazzy DEBUGINFOD_URLS=https://debuginfod.ubuntu.com /usr/bin/cmake --build /home/emad/hexapod-ws/build/hexapod -- -j8 -l8
[0.521s] Invoking command in '/home/emad/hexapod-ws/build/hexapod': CMAKE_PREFIX_PATH=${CMAKE_PREFIX_PATH}:/opt/ros/jazzy DEBUGINFOD_URLS=https://debuginfod.ubuntu.com /usr/bin/cmake --install /home/emad/hexapod-ws/build/hexapod
[0.535s] -- Install configuration: ""
[0.535s] -- Up-to-date: /home/emad/hexapod-ws/install/hexapod/share/hexapod/launch
[0.536s] -- Installing: /home/emad/hexapod-ws/install/hexapod/share/hexapod/launch/model.launch.py
[0.536s] -- Up-to-date: /home/emad/hexapod-ws/install/hexapod/share/hexapod/model
[0.536s] -- Up-to-date: /home/emad/hexapod-ws/install/hexapod/share/hexapod/model/robot.xacro
[0.536s] -- Installing: /home/emad/hexapod-ws/install/hexapod/share/hexapod/rviz
[0.536s] -- Installing: /home/emad/hexapod-ws/install/hexapod/share/hexapod/rviz/config.rviz
[0.536s] -- Up-to-date: /home/emad/hexapod-ws/install/hexapod/share/ament_index/resource_index/package_run_dependencies/hexapod
[0.537s] -- Installing: /home/emad/hexapod-ws/install/hexapod/share/ament_index/resource_index/parent_prefix_path/hexapod
[0.537s] -- Up-to-date: /home/emad/hexapod-ws/install/hexapod/share/hexapod/environment/ament_prefix_path.sh
[0.537s] -- Up-to-date: /home/emad/hexapod-ws/install/hexapod/share/hexapod/environment/ament_prefix_path.dsv
[0.537s] -- Up-to-date: /home/emad/hexapod-ws/install/hexapod/share/hexapod/environment/path.sh
[0.537s] -- Up-to-date: /home/emad/hexapod-ws/install/hexapod/share/hexapod/environment/path.dsv
[0.537s] -- Up-to-date: /home/emad/hexapod-ws/install/hexapod/share/hexapod/local_setup.bash
[0.538s] -- Up-to-date: /home/emad/hexapod-ws/install/hexapod/share/hexapod/local_setup.sh
[0.538s] -- Up-to-date: /home/emad/hexapod-ws/install/hexapod/share/hexapod/local_setup.zsh
[0.538s] -- Up-to-date: /home/emad/hexapod-ws/install/hexapod/share/hexapod/local_setup.dsv
[0.538s] -- Installing: /home/emad/hexapod-ws/install/hexapod/share/hexapod/package.dsv
[0.538s] -- Up-to-date: /home/emad/hexapod-ws/install/hexapod/share/ament_index/resource_index/packages/hexapod
[0.538s] -- Up-to-date: /home/emad/hexapod-ws/install/hexapod/share/hexapod/cmake/hexapodConfig.cmake
[0.539s] -- Up-to-date: /home/emad/hexapod-ws/install/hexapod/share/hexapod/cmake/hexapodConfig-version.cmake
[0.539s] -- Up-to-date: /home/emad/hexapod-ws/install/hexapod/share/hexapod/package.xml
[0.541s] Invoked command in '/home/emad/hexapod-ws/build/hexapod' returned '0': CMAKE_PREFIX_PATH=${CMAKE_PREFIX_PATH}:/opt/ros/jazzy DEBUGINFOD_URLS=https://debuginfod.ubuntu.com /usr/bin/cmake --install /home/emad/hexapod-ws/build/hexapod
